<?xml version="1.0" encoding="UTF-8" ?>
<testsuite errors="0" failures="0" hostname="matunga-PC" name="racetrack.RegistrationTests" tests="1" time="0.494" timestamp="2010-12-22T16:59:05">
  <properties />
  <testcase classname="racetrack.RegistrationTests" name="testSomething" time="0.47" />
  <system-out><![CDATA[--Output from testSomething--
]]></system-out>
  <system-err><![CDATA[--Output from testSomething--
]]></system-err>
</testsuite>
