<?xml version="1.0" encoding="UTF-8" ?>
<testsuite errors="0" failures="0" hostname="matunga-PC" name="racetrack.RaceTests" tests="2" time="0.894" timestamp="2011-04-15T02:19:00">
  <properties />
  <testcase classname="racetrack.RaceTests" name="testSomething" time="0.828" />
  <testcase classname="racetrack.RaceTests" name="testInMiles" time="0.043" />
  <system-out><![CDATA[--Output from testSomething--
--Output from testInMiles--
]]></system-out>
  <system-err><![CDATA[--Output from testSomething--
--Output from testInMiles--
]]></system-err>
</testsuite>
